{
  "0 debug pnpm:scope": {
    "selected": 1
  },
  "1 error pnpm": {
    "errno": 1,
    "code": "ELIFECYCLE",
    "pkgid": "vue2-vite@0.0.0",
    "stage": "dev",
    "script": "vite",
    "pkgname": "vue2-vite",
    "err": {
      "name": "Error",
      "message": "vue2-vite@0.0.0 dev: `vite`\nExit status 1",
      "code": "ELIFECYCLE",
      "stack": "Error: vue2-vite@0.0.0 dev: `vite`\nExit status 1\n    at EventEmitter.<anonymous> (/home/mgouget/.config/nvm/versions/node/v14.15.5/lib/node_modules/pnpm/dist/pnpm.cjs:106006:20)\n    at EventEmitter.emit (events.js:315:20)\n    at ChildProcess.<anonymous> (/home/mgouget/.config/nvm/versions/node/v14.15.5/lib/node_modules/pnpm/dist/pnpm.cjs:94312:18)\n    at ChildProcess.emit (events.js:315:20)\n    at maybeClose (internal/child_process.js:1048:16)\n    at Process.ChildProcess._handle.onexit (internal/child_process.js:288:5)"
    }
  },
  "2 warn pnpm:global": " Local package.json exists, but node_modules missing, did you mean to install?"
}